wwapp2/build/outputs/logs/manifest-merger-debug-report.txt
-- Merging decision tree log ---
manifest
ADDED from AndroidStudio\wwapp2\AndroidManifest.xml:2:1-130:12
	xmlns:android
		ADDED from AndroidStudio\wwapp2\AndroidManifest.xml:2:11-69
	package
		ADDED from AndroidStudio\wwapp2\AndroidManifest.xml:3:5-32
	android:versionName
		ADDED from AndroidStudio\wwapp2\AndroidManifest.xml:5:5-30
		INJECTED from AndroidStudio\wwapp2\AndroidManifest.xml
		INJECTED from AndroidStudio\wwapp2\AndroidManifest.xml
	android:versionCode
		ADDED from AndroidStudio\wwapp2\AndroidManifest.xml:4:5-29
		INJECTED from AndroidStudio\wwapp2\AndroidManifest.xml
		INJECTED from AndroidStudio\wwapp2\AndroidManifest.xml
uses-sdk
ADDED from AndroidStudio\wwapp2\AndroidManifest.xml:7:5-9:41
MERGED from [AndroidStudio:google-play-services_lib:unspecified] AndroidManifest.xml:23:5-44
MERGED from [AndroidStudio:appcompat_v7_3:unspecified] AndroidManifest.xml:20:5-43
	android:targetSdkVersion
		ADDED from AndroidStudio\wwapp2\AndroidManifest.xml:9:9-38
	android:minSdkVersion
		ADDED from AndroidStudio\wwapp2\AndroidManifest.xml:8:9-35
uses-permission#android.permission.ACCESS_NETWORK_STATE
ADDED from AndroidStudio\wwapp2\AndroidManifest.xml:10:5-11:23
	android:name
		ADDED from AndroidStudio\wwapp2\AndroidManifest.xml:10:22-76
uses-permission#android.permission.INTERNET
ADDED from AndroidStudio\wwapp2\AndroidManifest.xml:12:5-13:23
	android:name
		ADDED from AndroidStudio\wwapp2\AndroidManifest.xml:12:22-64
uses-permission#android.permission.WRITE_EXTERNAL_STORAGE
ADDED from AndroidStudio\wwapp2\AndroidManifest.xml:14:5-81
	android:name
		ADDED from AndroidStudio\wwapp2\AndroidManifest.xml:14:22-78
uses-permission#android.permission.READ_EXTERNAL_STORAGE
ADDED from AndroidStudio\wwapp2\AndroidManifest.xml:15:5-80
	android:name
		ADDED from AndroidStudio\wwapp2\AndroidManifest.xml:15:22-77
uses-permission#android.permission.CAMERA
ADDED from AndroidStudio\wwapp2\AndroidManifest.xml:17:5-65
	android:name
		ADDED from AndroidStudio\wwapp2\AndroidManifest.xml:17:22-62
uses-feature#android.hardware.camera
ADDED from AndroidStudio\wwapp2\AndroidManifest.xml:18:5-60
	android:name
		ADDED from AndroidStudio\wwapp2\AndroidManifest.xml:18:19-57
uses-feature#android.hardware.camera.autofocus
ADDED from AndroidStudio\wwapp2\AndroidManifest.xml:19:5-70
	android:name
		ADDED from AndroidStudio\wwapp2\AndroidManifest.xml:19:19-67
uses-permission#com.google.android.c2dm.permission.RECEIVE
ADDED from AndroidStudio\wwapp2\AndroidManifest.xml:23:4-81
	android:name
		ADDED from AndroidStudio\wwapp2\AndroidManifest.xml:23:21-78
uses-permission#android.permission.WAKE_LOCK
ADDED from AndroidStudio\wwapp2\AndroidManifest.xml:24:5-68
	android:name
		ADDED from AndroidStudio\wwapp2\AndroidManifest.xml:24:22-65
uses-permission#com.google.android.providers.gsf.permission.READ_GSERVICES
ADDED from AndroidStudio\wwapp2\AndroidManifest.xml:26:5-97
	android:name
		ADDED from AndroidStudio\wwapp2\AndroidManifest.xml:26:22-95
uses-permission#android.permission.ACCESS_COARSE_LOCATION
ADDED from AndroidStudio\wwapp2\AndroidManifest.xml:28:2-77
	android:name
		ADDED from AndroidStudio\wwapp2\AndroidManifest.xml:28:19-75
uses-permission#android.permission.ACCESS_FINE_LOCATION
ADDED from AndroidStudio\wwapp2\AndroidManifest.xml:29:2-75
	android:name
		ADDED from AndroidStudio\wwapp2\AndroidManifest.xml:29:19-73
uses-permission#android.permission.CHANGE_CONFIGURATION
ADDED from AndroidStudio\wwapp2\AndroidManifest.xml:31:2-75
	android:name
		ADDED from AndroidStudio\wwapp2\AndroidManifest.xml:31:19-73
supports-screens
ADDED from AndroidStudio\wwapp2\AndroidManifest.xml:32:5-36:65
	android:resizeable
		ADDED from AndroidStudio\wwapp2\AndroidManifest.xml:33:9-34
	android:largeScreens
		ADDED from AndroidStudio\wwapp2\AndroidManifest.xml:32:23-50
	android:anyDensity
		ADDED from AndroidStudio\wwapp2\AndroidManifest.xml:36:9-34
	android:normalScreens
		ADDED from AndroidStudio\wwapp2\AndroidManifest.xml:34:9-37
	android:xlargeScreens
		ADDED from AndroidStudio\wwapp2\AndroidManifest.xml:36:35-63
	android:smallScreens
		ADDED from AndroidStudio\wwapp2\AndroidManifest.xml:35:9-36
application
ADDED from AndroidStudio\wwapp2\AndroidManifest.xml:37:5-128:19
MERGED from [AndroidStudio:google-play-services_lib:unspecified] AndroidManifest.xml:25:5-20
MERGED from [AndroidStudio:appcompat_v7_3:unspecified] AndroidManifest.xml:22:5-20
	android:label
		ADDED from AndroidStudio\wwapp2\AndroidManifest.xml:40:9-41
	android:allowBackup
		ADDED from AndroidStudio\wwapp2\AndroidManifest.xml:38:9-35
	android:icon
		ADDED from AndroidStudio\wwapp2\AndroidManifest.xml:39:9-42
	android:theme
		ADDED from AndroidStudio\wwapp2\AndroidManifest.xml:41:9-40
activity#com.winway.wwapp2.Splashscr
ADDED from AndroidStudio\wwapp2\AndroidManifest.xml:42:10-51:20
	android:label
		ADDED from AndroidStudio\wwapp2\AndroidManifest.xml:44:13-45
	android:theme
		ADDED from AndroidStudio\wwapp2\AndroidManifest.xml:45:13-71
	android:name
		ADDED from AndroidStudio\wwapp2\AndroidManifest.xml:43:13-55
intent-filter#android.intent.action.MAIN+android.intent.category.LAUNCHER
ADDED from AndroidStudio\wwapp2\AndroidManifest.xml:47:13-50:29
action#android.intent.action.MAIN
ADDED from AndroidStudio\wwapp2\AndroidManifest.xml:48:17-69
	android:name
		ADDED from AndroidStudio\wwapp2\AndroidManifest.xml:48:25-66
category#android.intent.category.LAUNCHER
ADDED from AndroidStudio\wwapp2\AndroidManifest.xml:49:17-77
	android:name
		ADDED from AndroidStudio\wwapp2\AndroidManifest.xml:49:27-74
activity#com.winway.wwapp2.loginActivity
ADDED from AndroidStudio\wwapp2\AndroidManifest.xml:52:9-55:20
	android:theme
		ADDED from AndroidStudio\wwapp2\AndroidManifest.xml:54:13-71
	android:name
		ADDED from AndroidStudio\wwapp2\AndroidManifest.xml:53:13-59
activity#com.winway.wwapp2.MainActivity
ADDED from AndroidStudio\wwapp2\AndroidManifest.xml:57:9-61:20
	android:screenOrientation
		ADDED from AndroidStudio\wwapp2\AndroidManifest.xml:58:14-50
	android:configChanges
		ADDED from AndroidStudio\wwapp2\AndroidManifest.xml:59:14-84
	android:name
		ADDED from AndroidStudio\wwapp2\AndroidManifest.xml:57:19-64
meta-data#com.parse.push.notification_icon
ADDED from AndroidStudio\wwapp2\AndroidManifest.xml:78:9-80:53
	android:resource
		ADDED from AndroidStudio\wwapp2\AndroidManifest.xml:80:13-50
	android:name
		ADDED from AndroidStudio\wwapp2\AndroidManifest.xml:79:13-60
meta-data#com.parse.APPLICATION_ID
ADDED from AndroidStudio\wwapp2\AndroidManifest.xml:81:9-83:52
	android:name
		ADDED from AndroidStudio\wwapp2\AndroidManifest.xml:82:13-52
	android:value
		ADDED from AndroidStudio\wwapp2\AndroidManifest.xml:83:13-49
meta-data#com.parse.CLIENT_KEY
ADDED from AndroidStudio\wwapp2\AndroidManifest.xml:84:9-86:56
	android:name
		ADDED from AndroidStudio\wwapp2\AndroidManifest.xml:85:13-48
	android:value
		ADDED from AndroidStudio\wwapp2\AndroidManifest.xml:86:13-53
service#com.parse.PushService
ADDED from AndroidStudio\wwapp2\AndroidManifest.xml:87:9-57
	android:name
		ADDED from AndroidStudio\wwapp2\AndroidManifest.xml:87:18-54
receiver#com.parse.ParsePushBroadcastReceiver
ADDED from AndroidStudio\wwapp2\AndroidManifest.xml:88:9-95:20
	android:exported
		ADDED from AndroidStudio\wwapp2\AndroidManifest.xml:89:13-37
	android:name
		ADDED from AndroidStudio\wwapp2\AndroidManifest.xml:88:19-70
intent-filter#com.parse.push.intent.DELETE+com.parse.push.intent.OPEN+com.parse.push.intent.RECEIVE
ADDED from AndroidStudio\wwapp2\AndroidManifest.xml:90:13-94:29
action#com.parse.push.intent.RECEIVE
ADDED from AndroidStudio\wwapp2\AndroidManifest.xml:91:17-72
	android:name
		ADDED from AndroidStudio\wwapp2\AndroidManifest.xml:91:25-69
action#com.parse.push.intent.DELETE
ADDED from AndroidStudio\wwapp2\AndroidManifest.xml:92:17-71
	android:name
		ADDED from AndroidStudio\wwapp2\AndroidManifest.xml:92:25-68
action#com.parse.push.intent.OPEN
ADDED from AndroidStudio\wwapp2\AndroidManifest.xml:93:17-69
	android:name
		ADDED from AndroidStudio\wwapp2\AndroidManifest.xml:93:25-66
android:uses-permission#android.permission.READ_PHONE_STATE
IMPLIED from AndroidStudio\wwapp2\AndroidManifest.xml:2:1-130:12 reason: com.inqbarna.tablefixheaders has a targetSdkVersion < 4